<?xml version="1.0" encoding="UTF-8"?>
<testng-results ignored="0" total="1" passed="1" failed="0" skipped="0">
  <reporter-output>
  </reporter-output>
  <suite started-at="2021-02-27T20:54:53 EST" name="Default suite" finished-at="2021-02-27T20:55:13 EST" duration-ms="20052">
    <groups>
    </groups>
    <test started-at="2021-02-27T20:54:53 EST" name="Default test" finished-at="2021-02-27T20:55:13 EST" duration-ms="20052">
      <class name="test.LoginTest">
        <test-method is-config="true" signature="loadBrowser()[pri:0, instance:test.LoginTest@769f71a9]" started-at="2021-02-27T20:54:53 EST" name="loadBrowser" finished-at="2021-02-27T20:55:08 EST" duration-ms="15070" status="PASS">
          <reporter-output>
          </reporter-output>
        </test-method> <!-- loadBrowser -->
        <test-method signature="positiveLoginTestHomePage()[pri:0, instance:test.LoginTest@769f71a9]" started-at="2021-02-27T20:55:08 EST" name="positiveLoginTestHomePage" finished-at="2021-02-27T20:55:12 EST" duration-ms="4124" status="PASS">
          <reporter-output>
          </reporter-output>
        </test-method> <!-- positiveLoginTestHomePage -->
        <test-method is-config="true" signature="closeBrowser()[pri:0, instance:test.LoginTest@769f71a9]" started-at="2021-02-27T20:55:12 EST" name="closeBrowser" finished-at="2021-02-27T20:55:13 EST" duration-ms="743" status="PASS">
          <reporter-output>
          </reporter-output>
        </test-method> <!-- closeBrowser -->
      </class> <!-- test.LoginTest -->
    </test> <!-- Default test -->
  </suite> <!-- Default suite -->
</testng-results>
